Arguments: 
  C:\Users\Jax\Desktop\fivemServer\server\FXServer.exe C:\Users\Jax\Desktop\fivemServer\resources\[cfx-default]\[system]\[builders]\yarn\yarn_cli.js install --ignore-scripts --cache-folder C:\Users\Jax\Desktop\fivemServer\cache\yarn-cache --mutex file:C:\Users\Jax\Desktop\fivemServer\cache\yarn-mutex

PATH: 
  C:\WINDOWS\system32;C:\WINDOWS;C:\WINDOWS\System32\Wbem;C:\WINDOWS\System32\WindowsPowerShell\v1.0\;C:\WINDOWS\System32\OpenSSH\;C:\Program Files\NVIDIA Corporation\NVIDIA app\NvDLISR;C:\Users\Jax\AppData\Local\nvm;C:\nvm4w\nodejs;C:\Program Files (x86)\NVIDIA Corporation\PhysX\Common;C:\Program Files\nodejs\;C:\Program Files\dotnet\;C:\Users\Jax\AppData\Local\pnpm;C:\Users\Jax\AppData\Local\Microsoft\WindowsApps;C:\Users\Jax\AppData\Local\GitHubDesktop\bin;C:\Users\Jax\AppData\Local\nvm;C:\nvm4w\nodejs;C:\Users\Jax\AppData\Roaming\npm;C:\Users\Jax\AppData\Local\Muse Hub\lib

Yarn version: 
  1.22.5

Node version: 
  16.9.1

Platform: 
  win32 x64

Trace: 
  Error: EPERM: operation not permitted, unlink 'C:\Users\Jax\Desktop\fivemServer\resources\fivem_script\node_modules\@esbuild\win32-x64\esbuild.exe'

npm manifest: 
  {
  	"name": "fivem_script",
  	"version": "1.0.0",
  	"description": "",
  	"main": "index.js",
  	"scripts": {
  		"build": "node build.js",
  		"watch": "node build.js --watch"
  	},
  	"keywords": [],
  	"author": "",
  	"license": "ISC",
  	"type": "commonjs",
  	"devDependencies": {
  		"@citizenfx/client": "^2.0.15015-1",
  		"@citizenfx/server": "^2.0.14862-1",
  		"esbuild": "^0.17.19",
  		"glob": "^10.3.10",
  		"typescript": "^5.8.3"
  	}
  }

yarn manifest: 
  No manifest

Lockfile: 
  No lockfile
